<?xml version="1.0" encoding="UTF-8"?>
<testng-results ignored="0" total="1" passed="1" failed="0" skipped="0">
  <reporter-output>
  </reporter-output>
  <suite started-at="2023-02-10T18:02:47 NZDT" name="Suite" finished-at="2023-02-10T18:02:56 NZDT" duration-ms="8991">
    <groups>
    </groups>
    <test started-at="2023-02-10T18:02:47 NZDT" name="Test" finished-at="2023-02-10T18:02:56 NZDT" duration-ms="8991">
      <class name="mavenforjenkins.UITest">
        <test-method signature="startBrowser(java.lang.String)[pri:0, instance:mavenforjenkins.UITest@6295d394]" started-at="2023-02-10T18:02:47 NZDT" name="startBrowser" finished-at="2023-02-10T18:02:56 NZDT" duration-ms="8945" status="PASS">
          <params>
            <param index="0">
              <value>
                <![CDATA[Chrome]]>
              </value>
            </param>
          </params>
          <reporter-output>
          </reporter-output>
        </test-method> <!-- startBrowser -->
      </class> <!-- mavenforjenkins.UITest -->
    </test> <!-- Test -->
  </suite> <!-- Suite -->
</testng-results>
